2025-04-23T22:34:12.141+0200 [DEBUG] [org.gradle.launcher.daemon.bootstrap.DaemonMain] Assuming the daemon was started with following jvm opts: [-Xmx2048m, -Dfile.encoding=UTF-8, -Duser.country=US, -Duser.language=en, -Duser.variant]
2025-04-23T22:34:12.259+0200 [DEBUG] [org.gradle.internal.nativeintegration.services.NativeServices] Native-platform posix files integration is not available. Continuing with fallback.
2025-04-23T22:34:12.277+0200 [INFO] [org.gradle.launcher.daemon.server.Daemon] start() called on daemon - DefaultDaemonContext[uid=748d4f9d-f3fc-41e5-a17a-8ca50f7ca8d3,javaHome=C:\Program Files\Android\Android Studio\jbr,javaVersion=21,javaVendor=JetBrains s.r.o.,daemonRegistryDir=C:\Github\platform-based-development\pbd2025-lab-5\daemon,pid=3236,idleTimeout=10800000,priority=NORMAL,applyInstrumentationAgent=true,nativeServicesMode=ENABLED,daemonOpts=-Xmx2048m,-Dfile.encoding=UTF-8,-Duser.country=US,-Duser.language=en,-Duser.variant]
2025-04-23T22:34:12.321+0200 [DEBUG] [org.gradle.internal.remote.internal.inet.InetAddresses] Adding IP addresses for network interface Hyper-V Virtual Ethernet Adapter #2-WFP Native MAC Layer LightWeight Filter-0000
2025-04-23T22:34:12.322+0200 [DEBUG] [org.gradle.internal.remote.internal.inet.InetAddresses] Is this a loopback interface? false
2025-04-23T22:34:12.322+0200 [DEBUG] [org.gradle.internal.remote.internal.inet.InetAddresses] Adding IP addresses for network interface Hyper-V Virtual Ethernet Adapter #2-Npcap Packet Driver (NPCAP)-0000
2025-04-23T22:34:12.322+0200 [DEBUG] [org.gradle.internal.remote.internal.inet.InetAddresses] Is this a loopback interface? false
2025-04-23T22:34:12.322+0200 [DEBUG] [org.gradle.internal.remote.internal.inet.InetAddresses] Adding IP addresses for network interface Hyper-V Virtual Ethernet Adapter #2-QoS Packet Scheduler-0000
2025-04-23T22:34:12.322+0200 [DEBUG] [org.gradle.internal.remote.internal.inet.InetAddresses] Is this a loopback interface? false
2025-04-23T22:34:12.323+0200 [DEBUG] [org.gradle.internal.remote.internal.inet.InetAddresses] Adding IP addresses for network interface Hyper-V Virtual Ethernet Adapter #2-WFP 802.3 MAC Layer LightWeight Filter-0000
2025-04-23T22:34:12.323+0200 [DEBUG] [org.gradle.internal.remote.internal.inet.InetAddresses] Is this a loopback interface? false
2025-04-23T22:34:12.323+0200 [DEBUG] [org.gradle.internal.remote.internal.inet.InetAddresses] Adding IP addresses for network interface Hyper-V Virtual Ethernet Adapter-WFP Native MAC Layer LightWeight Filter-0000
2025-04-23T22:34:12.323+0200 [DEBUG] [org.gradle.internal.remote.internal.inet.InetAddresses] Is this a loopback interface? false
2025-04-23T22:34:12.323+0200 [DEBUG] [org.gradle.internal.remote.internal.inet.InetAddresses] Adding IP addresses for network interface Realtek PCIe GbE Family Controller-WFP Native MAC Layer LightWeight Filter-0000
2025-04-23T22:34:12.323+0200 [DEBUG] [org.gradle.internal.remote.internal.inet.InetAddresses] Is this a loopback interface? false
2025-04-23T22:34:12.324+0200 [DEBUG] [org.gradle.internal.remote.internal.inet.InetAddresses] Adding IP addresses for network interface Realtek PCIe GbE Family Controller-Npcap Packet Driver (NPCAP)-0000
2025-04-23T22:34:12.324+0200 [DEBUG] [org.gradle.internal.remote.internal.inet.InetAddresses] Is this a loopback interface? false
2025-04-23T22:34:12.324+0200 [DEBUG] [org.gradle.internal.remote.internal.inet.InetAddresses] Adding IP addresses for network interface Realtek PCIe GbE Family Controller-QoS Packet Scheduler-0000
2025-04-23T22:34:12.324+0200 [DEBUG] [org.gradle.internal.remote.internal.inet.InetAddresses] Is this a loopback interface? false
2025-04-23T22:34:12.324+0200 [DEBUG] [org.gradle.internal.remote.internal.inet.InetAddresses] Adding IP addresses for network interface Realtek PCIe GbE Family Controller-WFP 802.3 MAC Layer LightWeight Filter-0000
2025-04-23T22:34:12.325+0200 [DEBUG] [org.gradle.internal.remote.internal.inet.InetAddresses] Is this a loopback interface? false
2025-04-23T22:34:12.325+0200 [DEBUG] [org.gradle.internal.remote.internal.inet.InetAddresses] Adding IP addresses for network interface Hyper-V Virtual Ethernet Adapter-Npcap Packet Driver (NPCAP)-0000
2025-04-23T22:34:12.325+0200 [DEBUG] [org.gradle.internal.remote.internal.inet.InetAddresses] Is this a loopback interface? false
2025-04-23T22:34:12.325+0200 [DEBUG] [org.gradle.internal.remote.internal.inet.InetAddresses] Adding IP addresses for network interface WAN Miniport (IP)-WFP Native MAC Layer LightWeight Filter-0000
2025-04-23T22:34:12.325+0200 [DEBUG] [org.gradle.internal.remote.internal.inet.InetAddresses] Is this a loopback interface? false
2025-04-23T22:34:12.325+0200 [DEBUG] [org.gradle.internal.remote.internal.inet.InetAddresses] Adding IP addresses for network interface WAN Miniport (IP)-Npcap Packet Driver (NPCAP)-0000
2025-04-23T22:34:12.325+0200 [DEBUG] [org.gradle.internal.remote.internal.inet.InetAddresses] Is this a loopback interface? false
2025-04-23T22:34:12.326+0200 [DEBUG] [org.gradle.internal.remote.internal.inet.InetAddresses] Adding IP addresses for network interface WAN Miniport (IP)-QoS Packet Scheduler-0000
2025-04-23T22:34:12.326+0200 [DEBUG] [org.gradle.internal.remote.internal.inet.InetAddresses] Is this a loopback interface? false
2025-04-23T22:34:12.326+0200 [DEBUG] [org.gradle.internal.remote.internal.inet.InetAddresses] Adding IP addresses for network interface WAN Miniport (IPv6)-WFP Native MAC Layer LightWeight Filter-0000
2025-04-23T22:34:12.326+0200 [DEBUG] [org.gradle.internal.remote.internal.inet.InetAddresses] Is this a loopback interface? false
2025-04-23T22:34:12.326+0200 [DEBUG] [org.gradle.internal.remote.internal.inet.InetAddresses] Adding IP addresses for network interface WAN Miniport (IPv6)-Npcap Packet Driver (NPCAP)-0000
2025-04-23T22:34:12.326+0200 [DEBUG] [org.gradle.internal.remote.internal.inet.InetAddresses] Is this a loopback interface? false
2025-04-23T22:34:12.327+0200 [DEBUG] [org.gradle.internal.remote.internal.inet.InetAddresses] Adding IP addresses for network interface WAN Miniport (IPv6)-QoS Packet Scheduler-0000
2025-04-23T22:34:12.327+0200 [DEBUG] [org.gradle.internal.remote.internal.inet.InetAddresses] Is this a loopback interface? false
2025-04-23T22:34:12.327+0200 [DEBUG] [org.gradle.internal.remote.internal.inet.InetAddresses] Adding IP addresses for network interface WAN Miniport (Network Monitor)-WFP Native MAC Layer LightWeight Filter-0000
2025-04-23T22:34:12.327+0200 [DEBUG] [org.gradle.internal.remote.internal.inet.InetAddresses] Is this a loopback interface? false
2025-04-23T22:34:12.327+0200 [DEBUG] [org.gradle.internal.remote.internal.inet.InetAddresses] Adding IP addresses for network interface WAN Miniport (Network Monitor)-Npcap Packet Driver (NPCAP)-0000
2025-04-23T22:34:12.328+0200 [DEBUG] [org.gradle.internal.remote.internal.inet.InetAddresses] Is this a loopback interface? false
2025-04-23T22:34:12.328+0200 [DEBUG] [org.gradle.internal.remote.internal.inet.InetAddresses] Adding IP addresses for network interface WAN Miniport (Network Monitor)-QoS Packet Scheduler-0000
2025-04-23T22:34:12.328+0200 [DEBUG] [org.gradle.internal.remote.internal.inet.InetAddresses] Is this a loopback interface? false
2025-04-23T22:34:12.328+0200 [DEBUG] [org.gradle.internal.remote.internal.inet.InetAddresses] Adding IP addresses for network interface Hyper-V Virtual Ethernet Adapter-QoS Packet Scheduler-0000
2025-04-23T22:34:12.329+0200 [DEBUG] [org.gradle.internal.remote.internal.inet.InetAddresses] Is this a loopback interface? false
2025-04-23T22:34:12.329+0200 [DEBUG] [org.gradle.internal.remote.internal.inet.InetAddresses] Adding IP addresses for network interface Hyper-V Virtual Ethernet Adapter-WFP 802.3 MAC Layer LightWeight Filter-0000
2025-04-23T22:34:12.329+0200 [DEBUG] [org.gradle.internal.remote.internal.inet.InetAddresses] Is this a loopback interface? false
2025-04-23T22:34:12.329+0200 [DEBUG] [org.gradle.internal.remote.internal.inet.InetAddresses] Adding IP addresses for network interface Hyper-V Virtual Switch Extension Adapter #2-Hyper-V Virtual Switch Extension Filter-0000
2025-04-23T22:34:12.329+0200 [DEBUG] [org.gradle.internal.remote.internal.inet.InetAddresses] Is this a loopback interface? false
2025-04-23T22:34:12.330+0200 [DEBUG] [org.gradle.internal.remote.internal.inet.InetAddresses] Adding IP addresses for network interface Hyper-V Virtual Switch Extension Adapter #2-Virtual Filtering Platform VMSwitch Extension-0000
2025-04-23T22:34:12.330+0200 [DEBUG] [org.gradle.internal.remote.internal.inet.InetAddresses] Is this a loopback interface? false
2025-04-23T22:34:12.330+0200 [DEBUG] [org.gradle.internal.remote.internal.inet.InetAddresses] Adding IP addresses for network interface Hyper-V Virtual Switch Extension Adapter-Hyper-V Virtual Switch Extension Filter-0000
2025-04-23T22:34:12.330+0200 [DEBUG] [org.gradle.internal.remote.internal.inet.InetAddresses] Is this a loopback interface? false
2025-04-23T22:34:12.331+0200 [DEBUG] [org.gradle.internal.remote.internal.inet.InetAddresses] Adding IP addresses for network interface Microsoft Kernel Debug Network Adapter
2025-04-23T22:34:12.331+0200 [DEBUG] [org.gradle.internal.remote.internal.inet.InetAddresses] Is this a loopback interface? false
2025-04-23T22:34:12.331+0200 [DEBUG] [org.gradle.internal.remote.internal.inet.InetAddresses] Adding IP addresses for network interface Intel(R) 82579LM Gigabit Network Connection
2025-04-23T22:34:12.331+0200 [DEBUG] [org.gradle.internal.remote.internal.inet.InetAddresses] Is this a loopback interface? false
2025-04-23T22:34:12.331+0200 [DEBUG] [org.gradle.internal.remote.internal.inet.InetAddresses] Adding IP addresses for network interface WAN Miniport (IP)
2025-04-23T22:34:12.331+0200 [DEBUG] [org.gradle.internal.remote.internal.inet.InetAddresses] Is this a loopback interface? false
2025-04-23T22:34:12.332+0200 [DEBUG] [org.gradle.internal.remote.internal.inet.InetAddresses] Adding IP addresses for network interface WAN Miniport (IPv6)
2025-04-23T22:34:12.332+0200 [DEBUG] [org.gradle.internal.remote.internal.inet.InetAddresses] Is this a loopback interface? false
2025-04-23T22:34:12.332+0200 [DEBUG] [org.gradle.internal.remote.internal.inet.InetAddresses] Adding IP addresses for network interface WAN Miniport (Network Monitor)
2025-04-23T22:34:12.332+0200 [DEBUG] [org.gradle.internal.remote.internal.inet.InetAddresses] Is this a loopback interface? false
2025-04-23T22:34:12.332+0200 [DEBUG] [org.gradle.internal.remote.internal.inet.InetAddresses] Adding IP addresses for network interface Bluetooth Device (Personal Area Network)
2025-04-23T22:34:12.332+0200 [DEBUG] [org.gradle.internal.remote.internal.inet.InetAddresses] Is this a loopback interface? false
2025-04-23T22:34:12.333+0200 [DEBUG] [org.gradle.internal.remote.internal.inet.InetAddresses] Adding IP addresses for network interface Realtek PCIe GbE Family Controller
2025-04-23T22:34:12.333+0200 [DEBUG] [org.gradle.internal.remote.internal.inet.InetAddresses] Is this a loopback interface? false
2025-04-23T22:34:12.333+0200 [DEBUG] [org.gradle.internal.remote.internal.inet.InetAddresses] Adding remote address /fe80:0:0:0:8669:d426:3c7e:ef46%ethernet_32774
2025-04-23T22:34:12.333+0200 [DEBUG] [org.gradle.internal.remote.internal.inet.InetAddresses] Adding remote address /2001:1470:faca:1501:cf89:3063:606e:f017
2025-04-23T22:34:12.334+0200 [DEBUG] [org.gradle.internal.remote.internal.inet.InetAddresses] Adding remote address /2001:1470:faca:1501:2c99:464e:7429:897a
2025-04-23T22:34:12.334+0200 [DEBUG] [org.gradle.internal.remote.internal.inet.InetAddresses] Adding remote address /88.200.98.109
2025-04-23T22:34:12.334+0200 [DEBUG] [org.gradle.internal.remote.internal.inet.InetAddresses] Adding IP addresses for network interface Hyper-V Virtual Switch Extension Adapter
2025-04-23T22:34:12.334+0200 [DEBUG] [org.gradle.internal.remote.internal.inet.InetAddresses] Is this a loopback interface? false
2025-04-23T22:34:12.334+0200 [DEBUG] [org.gradle.internal.remote.internal.inet.InetAddresses] Adding IP addresses for network interface Hyper-V Virtual Ethernet Adapter
2025-04-23T22:34:12.334+0200 [DEBUG] [org.gradle.internal.remote.internal.inet.InetAddresses] Is this a loopback interface? false
2025-04-23T22:34:12.334+0200 [DEBUG] [org.gradle.internal.remote.internal.inet.InetAddresses] Adding remote address /fe80:0:0:0:837a:1c68:e672:9a0b%ethernet_32776
2025-04-23T22:34:12.334+0200 [DEBUG] [org.gradle.internal.remote.internal.inet.InetAddresses] Adding remote address /172.29.80.1
2025-04-23T22:34:12.335+0200 [DEBUG] [org.gradle.internal.remote.internal.inet.InetAddresses] Adding IP addresses for network interface Hyper-V Virtual Switch Extension Adapter #2
2025-04-23T22:34:12.335+0200 [DEBUG] [org.gradle.internal.remote.internal.inet.InetAddresses] Is this a loopback interface? false
2025-04-23T22:34:12.335+0200 [DEBUG] [org.gradle.internal.remote.internal.inet.InetAddresses] Adding IP addresses for network interface Hyper-V Virtual Ethernet Adapter #2
2025-04-23T22:34:12.335+0200 [DEBUG] [org.gradle.internal.remote.internal.inet.InetAddresses] Is this a loopback interface? false
2025-04-23T22:34:12.335+0200 [DEBUG] [org.gradle.internal.remote.internal.inet.InetAddresses] Adding remote address /fe80:0:0:0:8649:1963:be66:1b51%ethernet_32778
2025-04-23T22:34:12.335+0200 [DEBUG] [org.gradle.internal.remote.internal.inet.InetAddresses] Adding remote address /172.27.224.1
2025-04-23T22:34:12.335+0200 [DEBUG] [org.gradle.internal.remote.internal.inet.InetAddresses] Adding IP addresses for network interface Cisco AnyConnect Secure Mobility Client Virtual Miniport Adapter for Windows x64
2025-04-23T22:34:12.336+0200 [DEBUG] [org.gradle.internal.remote.internal.inet.InetAddresses] Is this a loopback interface? false
2025-04-23T22:34:12.336+0200 [DEBUG] [org.gradle.internal.remote.internal.inet.InetAddresses] Adding IP addresses for network interface Bluetooth Device (Personal Area Network) #2
2025-04-23T22:34:12.336+0200 [DEBUG] [org.gradle.internal.remote.internal.inet.InetAddresses] Is this a loopback interface? false
2025-04-23T22:34:12.336+0200 [DEBUG] [org.gradle.internal.remote.internal.inet.InetAddresses] Adding IP addresses for network interface Bluetooth Device (Personal Area Network) #3
2025-04-23T22:34:12.336+0200 [DEBUG] [org.gradle.internal.remote.internal.inet.InetAddresses] Is this a loopback interface? false
2025-04-23T22:34:12.336+0200 [DEBUG] [org.gradle.internal.remote.internal.inet.InetAddresses] Adding IP addresses for network interface WAN Miniport (PPPOE)
2025-04-23T22:34:12.337+0200 [DEBUG] [org.gradle.internal.remote.internal.inet.InetAddresses] Is this a loopback interface? false
2025-04-23T22:34:12.337+0200 [DEBUG] [org.gradle.internal.remote.internal.inet.InetAddresses] Adding IP addresses for network interface RAS Async Adapter
2025-04-23T22:34:12.337+0200 [DEBUG] [org.gradle.internal.remote.internal.inet.InetAddresses] Is this a loopback interface? false
2025-04-23T22:34:12.337+0200 [DEBUG] [org.gradle.internal.remote.internal.inet.InetAddresses] Adding IP addresses for network interface Software Loopback Interface 1
2025-04-23T22:34:12.337+0200 [DEBUG] [org.gradle.internal.remote.internal.inet.InetAddresses] Is this a loopback interface? true
2025-04-23T22:34:12.338+0200 [DEBUG] [org.gradle.internal.remote.internal.inet.InetAddresses] Adding loopback address /0:0:0:0:0:0:0:1
2025-04-23T22:34:12.338+0200 [DEBUG] [org.gradle.internal.remote.internal.inet.InetAddresses] Adding loopback address /127.0.0.1
2025-04-23T22:34:12.338+0200 [DEBUG] [org.gradle.internal.remote.internal.inet.InetAddresses] Adding IP addresses for network interface Private Internet Access Network Adapter-WFP Native MAC Layer LightWeight Filter-0000
2025-04-23T22:34:12.338+0200 [DEBUG] [org.gradle.internal.remote.internal.inet.InetAddresses] Is this a loopback interface? false
2025-04-23T22:34:12.338+0200 [DEBUG] [org.gradle.internal.remote.internal.inet.InetAddresses] Adding IP addresses for network interface Private Internet Access Network Adapter-Npcap Packet Driver (NPCAP)-0000
2025-04-23T22:34:12.338+0200 [DEBUG] [org.gradle.internal.remote.internal.inet.InetAddresses] Is this a loopback interface? false
2025-04-23T22:34:12.339+0200 [DEBUG] [org.gradle.internal.remote.internal.inet.InetAddresses] Adding IP addresses for network interface Private Internet Access Network Adapter-QoS Packet Scheduler-0000
2025-04-23T22:34:12.339+0200 [DEBUG] [org.gradle.internal.remote.internal.inet.InetAddresses] Is this a loopback interface? false
2025-04-23T22:34:12.339+0200 [DEBUG] [org.gradle.internal.remote.internal.inet.InetAddresses] Adding IP addresses for network interface Private Internet Access Network Adapter-WFP 802.3 MAC Layer LightWeight Filter-0000
2025-04-23T22:34:12.339+0200 [DEBUG] [org.gradle.internal.remote.internal.inet.InetAddresses] Is this a loopback interface? false
2025-04-23T22:34:12.339+0200 [DEBUG] [org.gradle.internal.remote.internal.inet.InetAddresses] Adding IP addresses for network interface Private Internet Access Network Adapter
2025-04-23T22:34:12.339+0200 [DEBUG] [org.gradle.internal.remote.internal.inet.InetAddresses] Is this a loopback interface? false
2025-04-23T22:34:12.339+0200 [DEBUG] [org.gradle.internal.remote.internal.inet.InetAddresses] Adding remote address /fe80:0:0:0:c6fc:7349:d235:a050%iftype53_32768
2025-04-23T22:34:12.339+0200 [DEBUG] [org.gradle.internal.remote.internal.inet.InetAddresses] Adding IP addresses for network interface Intel(R) Centrino(R) Advanced-N 6205
2025-04-23T22:34:12.340+0200 [DEBUG] [org.gradle.internal.remote.internal.inet.InetAddresses] Is this a loopback interface? false
2025-04-23T22:34:12.340+0200 [DEBUG] [org.gradle.internal.remote.internal.inet.InetAddresses] Adding IP addresses for network interface Microsoft Wi-Fi Direct Virtual Adapter
2025-04-23T22:34:12.340+0200 [DEBUG] [org.gradle.internal.remote.internal.inet.InetAddresses] Is this a loopback interface? false
2025-04-23T22:34:12.340+0200 [DEBUG] [org.gradle.internal.remote.internal.inet.InetAddresses] Adding IP addresses for network interface Microsoft Wi-Fi Direct Virtual Adapter #2
2025-04-23T22:34:12.340+0200 [DEBUG] [org.gradle.internal.remote.internal.inet.InetAddresses] Is this a loopback interface? false
2025-04-23T22:34:12.340+0200 [DEBUG] [org.gradle.internal.remote.internal.inet.InetAddresses] Adding IP addresses for network interface TP-Link Wireless USB Adapter
2025-04-23T22:34:12.340+0200 [DEBUG] [org.gradle.internal.remote.internal.inet.InetAddresses] Is this a loopback interface? false
2025-04-23T22:34:12.340+0200 [DEBUG] [org.gradle.internal.remote.internal.inet.InetAddresses] Adding IP addresses for network interface Microsoft Wi-Fi Direct Virtual Adapter #3
2025-04-23T22:34:12.340+0200 [DEBUG] [org.gradle.internal.remote.internal.inet.InetAddresses] Is this a loopback interface? false
2025-04-23T22:34:12.340+0200 [DEBUG] [org.gradle.internal.remote.internal.inet.InetAddresses] Adding IP addresses for network interface Microsoft Wi-Fi Direct Virtual Adapter #4
2025-04-23T22:34:12.340+0200 [DEBUG] [org.gradle.internal.remote.internal.inet.InetAddresses] Is this a loopback interface? false
2025-04-23T22:34:12.341+0200 [DEBUG] [org.gradle.internal.remote.internal.inet.InetAddresses] Adding IP addresses for network interface Microsoft Teredo Tunneling Adapter
2025-04-23T22:34:12.341+0200 [DEBUG] [org.gradle.internal.remote.internal.inet.InetAddresses] Is this a loopback interface? false
2025-04-23T22:34:12.341+0200 [DEBUG] [org.gradle.internal.remote.internal.inet.InetAddresses] Adding IP addresses for network interface Microsoft IP-HTTPS Platform Adapter
2025-04-23T22:34:12.341+0200 [DEBUG] [org.gradle.internal.remote.internal.inet.InetAddresses] Is this a loopback interface? false
2025-04-23T22:34:12.341+0200 [DEBUG] [org.gradle.internal.remote.internal.inet.InetAddresses] Adding IP addresses for network interface Microsoft 6to4 Adapter
2025-04-23T22:34:12.342+0200 [DEBUG] [org.gradle.internal.remote.internal.inet.InetAddresses] Is this a loopback interface? false
2025-04-23T22:34:12.342+0200 [DEBUG] [org.gradle.internal.remote.internal.inet.InetAddresses] Adding IP addresses for network interface WAN Miniport (SSTP)
2025-04-23T22:34:12.342+0200 [DEBUG] [org.gradle.internal.remote.internal.inet.InetAddresses] Is this a loopback interface? false
2025-04-23T22:34:12.342+0200 [DEBUG] [org.gradle.internal.remote.internal.inet.InetAddresses] Adding IP addresses for network interface WAN Miniport (IKEv2)
2025-04-23T22:34:12.342+0200 [DEBUG] [org.gradle.internal.remote.internal.inet.InetAddresses] Is this a loopback interface? false
2025-04-23T22:34:12.343+0200 [DEBUG] [org.gradle.internal.remote.internal.inet.InetAddresses] Adding IP addresses for network interface WAN Miniport (L2TP)
2025-04-23T22:34:12.343+0200 [DEBUG] [org.gradle.internal.remote.internal.inet.InetAddresses] Is this a loopback interface? false
2025-04-23T22:34:12.343+0200 [DEBUG] [org.gradle.internal.remote.internal.inet.InetAddresses] Adding IP addresses for network interface WAN Miniport (PPTP)
2025-04-23T22:34:12.343+0200 [DEBUG] [org.gradle.internal.remote.internal.inet.InetAddresses] Is this a loopback interface? false
2025-04-23T22:34:12.345+0200 [DEBUG] [org.gradle.internal.remote.internal.inet.TcpIncomingConnector] Listening on [2351e3c4-ef60-46b6-8d3e-27a5cf3a3c73 port:54272, addresses:[localhost/127.0.0.1]].
2025-04-23T22:34:12.364+0200 [DEBUG] [org.gradle.launcher.daemon.server.Daemon] Daemon starting at: Wed Apr 23 22:34:12 CEST 2025, with address: [2351e3c4-ef60-46b6-8d3e-27a5cf3a3c73 port:54272, addresses:[localhost/127.0.0.1]]
2025-04-23T22:34:12.364+0200 [INFO] [org.gradle.launcher.daemon.server.DaemonRegistryUpdater] Advertising the daemon address to the clients: [2351e3c4-ef60-46b6-8d3e-27a5cf3a3c73 port:54272, addresses:[localhost/127.0.0.1]]
2025-04-23T22:34:12.365+0200 [DEBUG] [org.gradle.launcher.daemon.server.DaemonRegistryUpdater] Advertised daemon context: DefaultDaemonContext[uid=748d4f9d-f3fc-41e5-a17a-8ca50f7ca8d3,javaHome=C:\Program Files\Android\Android Studio\jbr,javaVersion=21,javaVendor=JetBrains s.r.o.,daemonRegistryDir=C:\Github\platform-based-development\pbd2025-lab-5\daemon,pid=3236,idleTimeout=10800000,priority=NORMAL,applyInstrumentationAgent=true,nativeServicesMode=ENABLED,daemonOpts=-Xmx2048m,-Dfile.encoding=UTF-8,-Duser.country=US,-Duser.language=en,-Duser.variant]
2025-04-23T22:34:12.365+0200 [DEBUG] [org.gradle.launcher.daemon.registry.PersistentDaemonRegistry] Storing daemon address: [2351e3c4-ef60-46b6-8d3e-27a5cf3a3c73 port:54272, addresses:[localhost/127.0.0.1]], context: DefaultDaemonContext[uid=748d4f9d-f3fc-41e5-a17a-8ca50f7ca8d3,javaHome=C:\Program Files\Android\Android Studio\jbr,javaVersion=21,javaVendor=JetBrains s.r.o.,daemonRegistryDir=C:\Github\platform-based-development\pbd2025-lab-5\daemon,pid=3236,idleTimeout=10800000,priority=NORMAL,applyInstrumentationAgent=true,nativeServicesMode=ENABLED,daemonOpts=-Xmx2048m,-Dfile.encoding=UTF-8,-Duser.country=US,-Duser.language=en,-Duser.variant]
2025-04-23T22:34:12.376+0200 [DEBUG] [org.gradle.cache.internal.DefaultFileLockManager] Waiting to acquire exclusive lock on daemon addresses registry.
2025-04-23T22:34:12.379+0200 [DEBUG] [org.gradle.cache.internal.DefaultFileLockManager] Lock acquired on daemon addresses registry.
2025-04-23T22:34:12.382+0200 [DEBUG] [org.gradle.cache.internal.DefaultFileLockManager] Releasing lock on daemon addresses registry.
2025-04-23T22:34:12.382+0200 [LIFECYCLE] [org.gradle.launcher.daemon.server.Daemon] Daemon server started.
2025-04-23T22:34:12.383+0200 [DEBUG] [org.gradle.launcher.daemon.bootstrap.DaemonStartupCommunication] Completed writing the daemon greeting. Closing streams...
2025-04-23T22:34:12.390+0200 [DEBUG] [org.gradle.launcher.daemon.server.Daemon] stopOnExpiration() called on daemon
2025-04-23T22:34:12.390+0200 [DEBUG] [org.gradle.internal.remote.internal.inet.TcpIncomingConnector] Accepted connection from /127.0.0.1:54273 to /127.0.0.1:54272.
2025-04-23T22:34:12.391+0200 [DEBUG] [org.gradle.launcher.daemon.server.Daemon] awaitExpiration() called on daemon
2025-04-23T22:34:12.391+0200 [DEBUG] [org.gradle.launcher.daemon.server.DaemonStateCoordinator] daemon is running. Sleeping until state changes.
2025-04-23T22:34:12.434+0200 [DEBUG] [org.gradle.launcher.daemon.server.SynchronizedDispatchConnection] thread 37: received class org.gradle.launcher.daemon.protocol.Build
2025-04-23T22:34:12.434+0200 [DEBUG] [org.gradle.launcher.daemon.server.DefaultDaemonConnection] thread 37: Received non-IO message from client: Build{id=0b380ed5-a23d-4679-aa7e-a68f992358db, currentDir=C:\Github\platform-based-development\ClassProject2}
2025-04-23T22:34:12.434+0200 [INFO] [org.gradle.launcher.daemon.server.DefaultIncomingConnectionHandler] Received command: Build{id=0b380ed5-a23d-4679-aa7e-a68f992358db, currentDir=C:\Github\platform-based-development\ClassProject2}.
2025-04-23T22:34:12.434+0200 [DEBUG] [org.gradle.launcher.daemon.server.DefaultIncomingConnectionHandler] Starting executing command: Build{id=0b380ed5-a23d-4679-aa7e-a68f992358db, currentDir=C:\Github\platform-based-development\ClassProject2} with connection: socket connection from /127.0.0.1:54272 to /127.0.0.1:54273.
2025-04-23T22:34:12.437+0200 [DEBUG] [org.gradle.launcher.daemon.server.DaemonStateCoordinator] Command execution: started DaemonCommandExecution[command = Build{id=0b380ed5-a23d-4679-aa7e-a68f992358db, currentDir=C:\Github\platform-based-development\ClassProject2}, connection = DefaultDaemonConnection: socket connection from /127.0.0.1:54272 to /127.0.0.1:54273] after 0.0020166666666666666 minutes of idle
2025-04-23T22:34:12.437+0200 [INFO] [org.gradle.launcher.daemon.server.DaemonRegistryUpdater] Marking the daemon as busy, address: [2351e3c4-ef60-46b6-8d3e-27a5cf3a3c73 port:54272, addresses:[localhost/127.0.0.1]]
2025-04-23T22:34:12.437+0200 [DEBUG] [org.gradle.launcher.daemon.registry.PersistentDaemonRegistry] Marking busy by address: [2351e3c4-ef60-46b6-8d3e-27a5cf3a3c73 port:54272, addresses:[localhost/127.0.0.1]]
2025-04-23T22:34:12.438+0200 [DEBUG] [org.gradle.cache.internal.DefaultFileLockManager] Waiting to acquire exclusive lock on daemon addresses registry.
2025-04-23T22:34:12.438+0200 [DEBUG] [org.gradle.cache.internal.DefaultFileLockManager] Lock acquired on daemon addresses registry.
2025-04-23T22:34:12.439+0200 [DEBUG] [org.gradle.cache.internal.DefaultFileLockManager] Releasing lock on daemon addresses registry.
2025-04-23T22:34:12.439+0200 [DEBUG] [org.gradle.launcher.daemon.server.DaemonStateCoordinator] resetting idle timer
2025-04-23T22:34:12.439+0200 [DEBUG] [org.gradle.launcher.daemon.server.DaemonStateCoordinator] daemon is running. Sleeping until state changes.
2025-04-23T22:34:12.440+0200 [INFO] [org.gradle.launcher.daemon.server.exec.StartBuildOrRespondWithBusy] Daemon is about to start building Build{id=0b380ed5-a23d-4679-aa7e-a68f992358db, currentDir=C:\Github\platform-based-development\ClassProject2}. Dispatching build started information...
2025-04-23T22:34:12.440+0200 [DEBUG] [org.gradle.launcher.daemon.server.SynchronizedDispatchConnection] thread 39: dispatching org.gradle.launcher.daemon.protocol.BuildStarted@3a16ef1f
2025-04-23T22:34:12.441+0200 [DEBUG] [org.gradle.launcher.daemon.server.exec.EstablishBuildEnvironment] Configuring env variables: [USERDOMAIN_ROAMINGPROFILE, JetBrains Rider, PROCESSOR_LEVEL, NVM_SYMLINK, SESSIONNAME, ALLUSERSPROFILE, PROCESSOR_ARCHITECTURE, AMDRMSDKPATH, PSModulePath, RubyMine, SystemDrive, USERNAME, ProgramFiles(x86), FPS_BROWSER_USER_PROFILE_STRING, PATHEXT, DriverData, CLion, GOPATH, ProgramData, ProgramW6432, HOMEPATH, PROCESSOR_IDENTIFIER, EFC_11308, ProgramFiles, PUBLIC, windir, =::, PhpStorm, LOCALAPPDATA, IntelliJ IDEA, USERDOMAIN, LOGONSERVER, FPS_BROWSER_APP_PROFILE_STRING, WebStorm, DataGrip, OneDrive, APPDATA, ChocolateyInstall, CommonProgramFiles, Path, PyCharm, OS, COMPUTERNAME, NVM_HOME, PROCESSOR_REVISION, CommonProgramW6432, ComSpec, TEMP, SystemRoot, HOMEDRIVE, USERPROFILE, TMP, CommonProgramFiles(x86), NUMBER_OF_PROCESSORS]
2025-04-23T22:34:12.444+0200 [DEBUG] [org.gradle.launcher.daemon.server.exec.LogToClient] About to start relaying all logs to the client via the connection.
2025-04-23T22:34:12.445+0200 [INFO] [org.gradle.launcher.daemon.server.exec.LogToClient] The client will now receive all logging from the daemon (pid: 3236). The daemon log file: C:\Github\platform-based-development\pbd2025-lab-5\daemon\8.11.1\daemon-3236.out.log
2025-04-23T22:34:12.446+0200 [INFO] [org.gradle.launcher.daemon.server.exec.LogAndCheckHealth] Starting build in new daemon [memory: 2 GiB]
2025-04-23T22:34:12.448+0200 [DEBUG] [org.gradle.launcher.daemon.server.exec.ExecuteBuild] The daemon has started executing the build.
2025-04-23T22:34:12.448+0200 [DEBUG] [org.gradle.launcher.daemon.server.exec.ExecuteBuild] Executing build with daemon context: DefaultDaemonContext[uid=748d4f9d-f3fc-41e5-a17a-8ca50f7ca8d3,javaHome=C:\Program Files\Android\Android Studio\jbr,javaVersion=21,javaVendor=JetBrains s.r.o.,daemonRegistryDir=C:\Github\platform-based-development\pbd2025-lab-5\daemon,pid=3236,idleTimeout=10800000,priority=NORMAL,applyInstrumentationAgent=true,nativeServicesMode=ENABLED,daemonOpts=-Xmx2048m,-Dfile.encoding=UTF-8,-Duser.country=US,-Duser.language=en,-Duser.variant]

BUILD SUCCESSFUL in 26s
35 actionable tasks: 35 executed
2025-04-23T22:34:36.951+0200 [DEBUG] [org.gradle.launcher.daemon.server.exec.ExecuteBuild] The daemon has finished executing the build.
2025-04-23T22:34:36.956+0200 [DEBUG] [org.gradle.launcher.daemon.server.DaemonStateCoordinator] daemon is running. Sleeping until state changes.
2025-04-23T22:34:36.957+0200 [DEBUG] [org.gradle.launcher.daemon.server.DaemonStateCoordinator] Command execution: finished waiting for DaemonCommandExecution[command = Build{id=0b380ed5-a23d-4679-aa7e-a68f992358db, currentDir=C:\Github\platform-based-development\ClassProject2}, connection = DefaultDaemonConnection: socket connection from /127.0.0.1:54272 to /127.0.0.1:54273]. Result org.gradle.launcher.daemon.server.DaemonStateCoordinator@34ae037d with state Busy
2025-04-23T22:34:36.957+0200 [DEBUG] [org.gradle.launcher.daemon.server.DaemonStateCoordinator] Command execution: completed DaemonCommandExecution[command = Build{id=0b380ed5-a23d-4679-aa7e-a68f992358db, currentDir=C:\Github\platform-based-development\ClassProject2}, connection = DefaultDaemonConnection: socket connection from /127.0.0.1:54272 to /127.0.0.1:54273]
2025-04-23T22:34:36.957+0200 [DEBUG] [org.gradle.launcher.daemon.server.DaemonStateCoordinator] resetting idle timer
2025-04-23T22:34:36.957+0200 [INFO] [org.gradle.launcher.daemon.server.DaemonRegistryUpdater] Marking the daemon as idle, address: [2351e3c4-ef60-46b6-8d3e-27a5cf3a3c73 port:54272, addresses:[localhost/127.0.0.1]]
2025-04-23T22:34:36.957+0200 [DEBUG] [org.gradle.launcher.daemon.registry.PersistentDaemonRegistry] Marking busy by address: [2351e3c4-ef60-46b6-8d3e-27a5cf3a3c73 port:54272, addresses:[localhost/127.0.0.1]]
2025-04-23T22:34:36.958+0200 [DEBUG] [org.gradle.cache.internal.DefaultFileLockManager] Waiting to acquire exclusive lock on daemon addresses registry.
2025-04-23T22:34:36.958+0200 [DEBUG] [org.gradle.cache.internal.DefaultFileLockManager] Lock acquired on daemon addresses registry.
2025-04-23T22:34:36.959+0200 [DEBUG] [org.gradle.cache.internal.DefaultFileLockManager] Releasing lock on daemon addresses registry.
2025-04-23T22:34:36.959+0200 [DEBUG] [org.gradle.launcher.daemon.server.DaemonStateCoordinator] daemon is running. Sleeping until state changes.
2025-04-23T22:34:36.959+0200 [DEBUG] [org.gradle.launcher.daemon.server.exec.ReturnResult] Daemon is dispatching the build result: Success[value=org.gradle.launcher.exec.BuildActionResult@608855ba]
2025-04-23T22:34:36.960+0200 [DEBUG] [org.gradle.launcher.daemon.server.SynchronizedDispatchConnection] thread 36: dispatching Success[value=org.gradle.launcher.exec.BuildActionResult@608855ba]
2025-04-23T22:34:36.961+0200 [DEBUG] [org.gradle.launcher.daemon.server.SynchronizedDispatchConnection] thread 37: received class org.gradle.launcher.daemon.protocol.CloseInput
2025-04-23T22:34:36.961+0200 [DEBUG] [org.gradle.launcher.daemon.server.DefaultDaemonConnection] thread 37: Received IO message from client: org.gradle.launcher.daemon.protocol.CloseInput@7f922033
2025-04-23T22:34:36.961+0200 [DEBUG] [org.gradle.launcher.daemon.server.SynchronizedDispatchConnection] thread 37: received class org.gradle.launcher.daemon.protocol.Finished
2025-04-23T22:34:36.961+0200 [DEBUG] [org.gradle.launcher.daemon.server.DefaultDaemonConnection] thread 37: Received non-IO message from client: org.gradle.launcher.daemon.protocol.Finished@39b8f80d
2025-04-23T22:34:36.961+0200 [DEBUG] [org.gradle.internal.remote.internal.inet.SocketConnection] Discarding EOFException: java.io.EOFException
2025-04-23T22:34:36.962+0200 [DEBUG] [org.gradle.launcher.daemon.server.SynchronizedDispatchConnection] thread 37: received null
2025-04-23T22:34:36.962+0200 [DEBUG] [org.gradle.launcher.daemon.server.DefaultDaemonConnection] thread 37: Received end-of-input from client.
2025-04-23T22:34:36.963+0200 [DEBUG] [org.gradle.launcher.daemon.server.exec.CleanUpVirtualFileSystemAfterBuild] Cleaning virtual file system after build finished
2025-04-23T22:34:36.963+0200 [DEBUG] [org.gradle.launcher.daemon.server.DefaultIncomingConnectionHandler] Finishing executing command: Build{id=0b380ed5-a23d-4679-aa7e-a68f992358db, currentDir=C:\Github\platform-based-development\ClassProject2}
2025-04-23T22:34:36.963+0200 [WARN] [org.gradle.launcher.daemon.server.DefaultIncomingConnectionHandler] Timed out waiting for finished message from client socket connection from /127.0.0.1:54272 to /127.0.0.1:54273. Discarding connection.
2025-04-23T22:34:36.963+0200 [DEBUG] [org.gradle.launcher.daemon.server.SynchronizedDispatchConnection] thread 36: stopping connection
2025-04-23T22:34:36.964+0200 [DEBUG] [org.gradle.launcher.daemon.server.SynchronizedDispatchConnection] thread 36: stopping connection
2025-04-23T22:34:42.393+0200 [DEBUG] [org.gradle.cache.internal.DefaultFileLockManager] Waiting to acquire shared lock on daemon addresses registry.
2025-04-23T22:34:42.394+0200 [DEBUG] [org.gradle.cache.internal.DefaultFileLockManager] Lock acquired on daemon addresses registry.
2025-04-23T22:34:42.394+0200 [DEBUG] [org.gradle.cache.internal.DefaultFileLockManager] Releasing lock on daemon addresses registry.
2025-04-23T22:34:42.396+0200 [DEBUG] [org.gradle.cache.internal.DefaultFileLockManager] Waiting to acquire shared lock on daemon addresses registry.
2025-04-23T22:34:42.396+0200 [DEBUG] [org.gradle.cache.internal.DefaultFileLockManager] Lock acquired on daemon addresses registry.
2025-04-23T22:34:42.396+0200 [DEBUG] [org.gradle.cache.internal.DefaultFileLockManager] Releasing lock on daemon addresses registry.
2025-04-23T22:34:52.393+0200 [DEBUG] [org.gradle.cache.internal.DefaultFileLockManager] Waiting to acquire shared lock on daemon addresses registry.
2025-04-23T22:34:52.393+0200 [DEBUG] [org.gradle.cache.internal.DefaultFileLockManager] Lock acquired on daemon addresses registry.
2025-04-23T22:34:52.393+0200 [DEBUG] [org.gradle.cache.internal.DefaultFileLockManager] Releasing lock on daemon addresses registry.
2025-04-23T22:34:52.394+0200 [DEBUG] [org.gradle.cache.internal.DefaultFileLockManager] Waiting to acquire shared lock on daemon addresses registry.
2025-04-23T22:34:52.394+0200 [DEBUG] [org.gradle.cache.internal.DefaultFileLockManager] Lock acquired on daemon addresses registry.
2025-04-23T22:34:52.394+0200 [DEBUG] [org.gradle.cache.internal.DefaultFileLockManager] Releasing lock on daemon addresses registry.
2025-04-23T22:34:52.395+0200 [DEBUG] [org.gradle.cache.internal.DefaultFileLockManager] Waiting to acquire shared lock on daemon addresses registry.
2025-04-23T22:34:52.395+0200 [DEBUG] [org.gradle.cache.internal.DefaultFileLockManager] Lock acquired on daemon addresses registry.
2025-04-23T22:34:52.395+0200 [DEBUG] [org.gradle.cache.internal.DefaultFileLockManager] Releasing lock on daemon addresses registry.
2025-04-23T22:34:59.288+0200 [DEBUG] [sun.rmi.transport.tcp] RMI Scheduler(0): close connection, socket: Socket[addr=localhost/127.0.0.1,port=17305,localport=54328]
2025-04-23T22:34:59.294+0200 [DEBUG] [sun.rmi.transport.tcp] RMI Scheduler(0): close connection, socket: Socket[addr=localhost/127.0.0.1,port=17305,localport=54329]
2025-04-23T22:34:59.403+0200 [DEBUG] [sun.rmi.transport.tcp] RMI TCP Connection(1)-127.0.0.1: (port 54330) connection closed
2025-04-23T22:34:59.404+0200 [DEBUG] [sun.rmi.transport.tcp] RMI TCP Connection(1)-127.0.0.1: close connection, socket: Socket[addr=/127.0.0.1,port=54331,localport=54330]
2025-04-23T22:34:59.404+0200 [DEBUG] [sun.rmi.transport.tcp] RMI TCP Connection(1)-127.0.0.1: socket close: Socket[addr=/127.0.0.1,port=54331,localport=54330]
2025-04-23T22:35:02.393+0200 [DEBUG] [org.gradle.cache.internal.DefaultFileLockManager] Waiting to acquire shared lock on daemon addresses registry.
2025-04-23T22:35:02.393+0200 [DEBUG] [org.gradle.cache.internal.DefaultFileLockManager] Lock acquired on daemon addresses registry.
2025-04-23T22:35:02.393+0200 [DEBUG] [org.gradle.cache.internal.DefaultFileLockManager] Releasing lock on daemon addresses registry.
2025-04-23T22:35:02.394+0200 [DEBUG] [org.gradle.cache.internal.DefaultFileLockManager] Waiting to acquire shared lock on daemon addresses registry.
2025-04-23T22:35:02.394+0200 [DEBUG] [org.gradle.cache.internal.DefaultFileLockManager] Lock acquired on daemon addresses registry.
2025-04-23T22:35:02.394+0200 [DEBUG] [org.gradle.cache.internal.DefaultFileLockManager] Releasing lock on daemon addresses registry.
2025-04-23T22:35:02.395+0200 [DEBUG] [org.gradle.cache.internal.DefaultFileLockManager] Waiting to acquire shared lock on daemon addresses registry.
2025-04-23T22:35:02.395+0200 [DEBUG] [org.gradle.cache.internal.DefaultFileLockManager] Lock acquired on daemon addresses registry.
2025-04-23T22:35:02.395+0200 [DEBUG] [org.gradle.cache.internal.DefaultFileLockManager] Releasing lock on daemon addresses registry.
2025-04-23T22:35:12.393+0200 [DEBUG] [org.gradle.cache.internal.DefaultFileLockManager] Waiting to acquire shared lock on daemon addresses registry.
2025-04-23T22:35:12.393+0200 [DEBUG] [org.gradle.cache.internal.DefaultFileLockManager] Lock acquired on daemon addresses registry.
2025-04-23T22:35:12.393+0200 [DEBUG] [org.gradle.cache.internal.DefaultFileLockManager] Releasing lock on daemon addresses registry.
2025-04-23T22:35:12.394+0200 [DEBUG] [org.gradle.cache.internal.DefaultFileLockManager] Waiting to acquire shared lock on daemon addresses registry.
2025-04-23T22:35:12.394+0200 [DEBUG] [org.gradle.cache.internal.DefaultFileLockManager] Lock acquired on daemon addresses registry.
2025-04-23T22:35:12.394+0200 [DEBUG] [org.gradle.cache.internal.DefaultFileLockManager] Releasing lock on daemon addresses registry.
2025-04-23T22:35:12.395+0200 [DEBUG] [org.gradle.cache.internal.DefaultFileLockManager] Waiting to acquire shared lock on daemon addresses registry.
2025-04-23T22:35:12.395+0200 [DEBUG] [org.gradle.cache.internal.DefaultFileLockManager] Lock acquired on daemon addresses registry.
2025-04-23T22:35:12.395+0200 [DEBUG] [org.gradle.cache.internal.DefaultFileLockManager] Releasing lock on daemon addresses registry.
2025-04-23T22:35:22.394+0200 [DEBUG] [org.gradle.cache.internal.DefaultFileLockManager] Waiting to acquire shared lock on daemon addresses registry.
2025-04-23T22:35:22.394+0200 [DEBUG] [org.gradle.cache.internal.DefaultFileLockManager] Lock acquired on daemon addresses registry.
2025-04-23T22:35:22.395+0200 [DEBUG] [org.gradle.cache.internal.DefaultFileLockManager] Releasing lock on daemon addresses registry.
2025-04-23T22:35:22.395+0200 [DEBUG] [org.gradle.cache.internal.DefaultFileLockManager] Waiting to acquire shared lock on daemon addresses registry.
2025-04-23T22:35:22.396+0200 [DEBUG] [org.gradle.cache.internal.DefaultFileLockManager] Lock acquired on daemon addresses registry.
2025-04-23T22:35:22.396+0200 [DEBUG] [org.gradle.cache.internal.DefaultFileLockManager] Releasing lock on daemon addresses registry.
2025-04-23T22:35:22.396+0200 [DEBUG] [org.gradle.cache.internal.DefaultFileLockManager] Waiting to acquire shared lock on daemon addresses registry.
2025-04-23T22:35:22.396+0200 [DEBUG] [org.gradle.cache.internal.DefaultFileLockManager] Lock acquired on daemon addresses registry.
2025-04-23T22:35:22.397+0200 [DEBUG] [org.gradle.cache.internal.DefaultFileLockManager] Releasing lock on daemon addresses registry.
2025-04-23T22:35:32.392+0200 [DEBUG] [org.gradle.cache.internal.DefaultFileLockManager] Waiting to acquire shared lock on daemon addresses registry.
2025-04-23T22:35:32.393+0200 [DEBUG] [org.gradle.cache.internal.DefaultFileLockManager] Lock acquired on daemon addresses registry.
2025-04-23T22:35:32.393+0200 [DEBUG] [org.gradle.cache.internal.DefaultFileLockManager] Releasing lock on daemon addresses registry.
2025-04-23T22:35:32.394+0200 [DEBUG] [org.gradle.cache.internal.DefaultFileLockManager] Waiting to acquire shared lock on daemon addresses registry.
2025-04-23T22:35:32.394+0200 [DEBUG] [org.gradle.cache.internal.DefaultFileLockManager] Lock acquired on daemon addresses registry.
2025-04-23T22:35:32.394+0200 [DEBUG] [org.gradle.cache.internal.DefaultFileLockManager] Releasing lock on daemon addresses registry.
2025-04-23T22:35:32.395+0200 [DEBUG] [org.gradle.cache.internal.DefaultFileLockManager] Waiting to acquire shared lock on daemon addresses registry.
2025-04-23T22:35:32.395+0200 [DEBUG] [org.gradle.cache.internal.DefaultFileLockManager] Lock acquired on daemon addresses registry.
2025-04-23T22:35:32.395+0200 [DEBUG] [org.gradle.cache.internal.DefaultFileLockManager] Releasing lock on daemon addresses registry.
2025-04-23T22:35:42.393+0200 [DEBUG] [org.gradle.cache.internal.DefaultFileLockManager] Waiting to acquire shared lock on daemon addresses registry.
2025-04-23T22:35:42.393+0200 [DEBUG] [org.gradle.cache.internal.DefaultFileLockManager] Lock acquired on daemon addresses registry.
2025-04-23T22:35:42.394+0200 [DEBUG] [org.gradle.cache.internal.DefaultFileLockManager] Releasing lock on daemon addresses registry.
2025-04-23T22:35:42.394+0200 [DEBUG] [org.gradle.cache.internal.DefaultFileLockManager] Waiting to acquire shared lock on daemon addresses registry.
2025-04-23T22:35:42.394+0200 [DEBUG] [org.gradle.cache.internal.DefaultFileLockManager] Lock acquired on daemon addresses registry.
2025-04-23T22:35:42.395+0200 [DEBUG] [org.gradle.cache.internal.DefaultFileLockManager] Releasing lock on daemon addresses registry.
2025-04-23T22:35:42.395+0200 [DEBUG] [org.gradle.cache.internal.DefaultFileLockManager] Waiting to acquire shared lock on daemon addresses registry.
2025-04-23T22:35:42.395+0200 [DEBUG] [org.gradle.cache.internal.DefaultFileLockManager] Lock acquired on daemon addresses registry.
2025-04-23T22:35:42.396+0200 [DEBUG] [org.gradle.cache.internal.DefaultFileLockManager] Releasing lock on daemon addresses registry.
2025-04-23T22:35:52.393+0200 [DEBUG] [org.gradle.cache.internal.DefaultFileLockManager] Waiting to acquire shared lock on daemon addresses registry.
2025-04-23T22:35:52.393+0200 [DEBUG] [org.gradle.cache.internal.DefaultFileLockManager] Lock acquired on daemon addresses registry.
2025-04-23T22:35:52.393+0200 [DEBUG] [org.gradle.cache.internal.DefaultFileLockManager] Releasing lock on daemon addresses registry.
2025-04-23T22:35:52.394+0200 [DEBUG] [org.gradle.cache.internal.DefaultFileLockManager] Waiting to acquire shared lock on daemon addresses registry.
2025-04-23T22:35:52.394+0200 [DEBUG] [org.gradle.cache.internal.DefaultFileLockManager] Lock acquired on daemon addresses registry.
2025-04-23T22:35:52.395+0200 [DEBUG] [org.gradle.cache.internal.DefaultFileLockManager] Releasing lock on daemon addresses registry.
2025-04-23T22:35:52.395+0200 [DEBUG] [org.gradle.cache.internal.DefaultFileLockManager] Waiting to acquire shared lock on daemon addresses registry.
2025-04-23T22:35:52.395+0200 [DEBUG] [org.gradle.cache.internal.DefaultFileLockManager] Lock acquired on daemon addresses registry.
2025-04-23T22:35:52.395+0200 [DEBUG] [org.gradle.cache.internal.DefaultFileLockManager] Releasing lock on daemon addresses registry.
2025-04-23T22:36:02.393+0200 [DEBUG] [org.gradle.cache.internal.DefaultFileLockManager] Waiting to acquire shared lock on daemon addresses registry.
2025-04-23T22:36:02.393+0200 [DEBUG] [org.gradle.cache.internal.DefaultFileLockManager] Lock acquired on daemon addresses registry.
2025-04-23T22:36:02.394+0200 [DEBUG] [org.gradle.cache.internal.DefaultFileLockManager] Releasing lock on daemon addresses registry.
2025-04-23T22:36:02.394+0200 [DEBUG] [org.gradle.cache.internal.DefaultFileLockManager] Waiting to acquire shared lock on daemon addresses registry.
2025-04-23T22:36:02.395+0200 [DEBUG] [org.gradle.cache.internal.DefaultFileLockManager] Lock acquired on daemon addresses registry.
2025-04-23T22:36:02.395+0200 [DEBUG] [org.gradle.cache.internal.DefaultFileLockManager] Releasing lock on daemon addresses registry.
2025-04-23T22:36:02.395+0200 [DEBUG] [org.gradle.cache.internal.DefaultFileLockManager] Waiting to acquire shared lock on daemon addresses registry.
2025-04-23T22:36:02.395+0200 [DEBUG] [org.gradle.cache.internal.DefaultFileLockManager] Lock acquired on daemon addresses registry.
2025-04-23T22:36:02.396+0200 [DEBUG] [org.gradle.cache.internal.DefaultFileLockManager] Releasing lock on daemon addresses registry.
2025-04-23T22:36:12.393+0200 [DEBUG] [org.gradle.cache.internal.DefaultFileLockManager] Waiting to acquire shared lock on daemon addresses registry.
2025-04-23T22:36:12.393+0200 [DEBUG] [org.gradle.cache.internal.DefaultFileLockManager] Lock acquired on daemon addresses registry.
2025-04-23T22:36:12.394+0200 [DEBUG] [org.gradle.cache.internal.DefaultFileLockManager] Releasing lock on daemon addresses registry.
2025-04-23T22:36:12.394+0200 [DEBUG] [org.gradle.cache.internal.DefaultFileLockManager] Waiting to acquire shared lock on daemon addresses registry.
2025-04-23T22:36:12.395+0200 [DEBUG] [org.gradle.cache.internal.DefaultFileLockManager] Lock acquired on daemon addresses registry.
2025-04-23T22:36:12.395+0200 [DEBUG] [org.gradle.cache.internal.DefaultFileLockManager] Releasing lock on daemon addresses registry.
2025-04-23T22:36:12.395+0200 [DEBUG] [org.gradle.cache.internal.DefaultFileLockManager] Waiting to acquire shared lock on daemon addresses registry.
2025-04-23T22:36:12.396+0200 [DEBUG] [org.gradle.cache.internal.DefaultFileLockManager] Lock acquired on daemon addresses registry.
2025-04-23T22:36:12.396+0200 [DEBUG] [org.gradle.cache.internal.DefaultFileLockManager] Releasing lock on daemon addresses registry.
2025-04-23T22:36:22.406+0200 [DEBUG] [org.gradle.cache.internal.DefaultFileLockManager] Waiting to acquire shared lock on daemon addresses registry.
2025-04-23T22:36:22.407+0200 [DEBUG] [org.gradle.cache.internal.DefaultFileLockManager] Lock acquired on daemon addresses registry.
2025-04-23T22:36:22.407+0200 [DEBUG] [org.gradle.cache.internal.DefaultFileLockManager] Releasing lock on daemon addresses registry.
2025-04-23T22:36:22.408+0200 [DEBUG] [org.gradle.cache.internal.DefaultFileLockManager] Waiting to acquire shared lock on daemon addresses registry.
2025-04-23T22:36:22.408+0200 [DEBUG] [org.gradle.cache.internal.DefaultFileLockManager] Lock acquired on daemon addresses registry.
2025-04-23T22:36:22.408+0200 [DEBUG] [org.gradle.cache.internal.DefaultFileLockManager] Releasing lock on daemon addresses registry.
2025-04-23T22:36:22.409+0200 [DEBUG] [org.gradle.cache.internal.DefaultFileLockManager] Waiting to acquire shared lock on daemon addresses registry.
2025-04-23T22:36:22.409+0200 [DEBUG] [org.gradle.cache.internal.DefaultFileLockManager] Lock acquired on daemon addresses registry.
2025-04-23T22:36:22.409+0200 [DEBUG] [org.gradle.cache.internal.DefaultFileLockManager] Releasing lock on daemon addresses registry.
2025-04-23T22:36:32.397+0200 [DEBUG] [org.gradle.cache.internal.DefaultFileLockManager] Waiting to acquire shared lock on daemon addresses registry.
2025-04-23T22:36:32.397+0200 [DEBUG] [org.gradle.cache.internal.DefaultFileLockManager] Lock acquired on daemon addresses registry.
2025-04-23T22:36:32.397+0200 [DEBUG] [org.gradle.cache.internal.DefaultFileLockManager] Releasing lock on daemon addresses registry.
2025-04-23T22:36:32.398+0200 [DEBUG] [org.gradle.cache.internal.DefaultFileLockManager] Waiting to acquire shared lock on daemon addresses registry.
2025-04-23T22:36:32.398+0200 [DEBUG] [org.gradle.cache.internal.DefaultFileLockManager] Lock acquired on daemon addresses registry.
2025-04-23T22:36:32.398+0200 [DEBUG] [org.gradle.cache.internal.DefaultFileLockManager] Releasing lock on daemon addresses registry.
2025-04-23T22:36:32.399+0200 [DEBUG] [org.gradle.cache.internal.DefaultFileLockManager] Waiting to acquire shared lock on daemon addresses registry.
2025-04-23T22:36:32.399+0200 [DEBUG] [org.gradle.cache.internal.DefaultFileLockManager] Lock acquired on daemon addresses registry.
2025-04-23T22:36:32.399+0200 [DEBUG] [org.gradle.cache.internal.DefaultFileLockManager] Releasing lock on daemon addresses registry.
2025-04-23T22:36:42.393+0200 [DEBUG] [org.gradle.cache.internal.DefaultFileLockManager] Waiting to acquire shared lock on daemon addresses registry.
2025-04-23T22:36:42.393+0200 [DEBUG] [org.gradle.cache.internal.DefaultFileLockManager] Lock acquired on daemon addresses registry.
2025-04-23T22:36:42.393+0200 [DEBUG] [org.gradle.cache.internal.DefaultFileLockManager] Releasing lock on daemon addresses registry.
2025-04-23T22:36:42.394+0200 [DEBUG] [org.gradle.cache.internal.DefaultFileLockManager] Waiting to acquire shared lock on daemon addresses registry.
2025-04-23T22:36:42.394+0200 [DEBUG] [org.gradle.cache.internal.DefaultFileLockManager] Lock acquired on daemon addresses registry.
2025-04-23T22:36:42.394+0200 [DEBUG] [org.gradle.cache.internal.DefaultFileLockManager] Releasing lock on daemon addresses registry.
2025-04-23T22:36:42.395+0200 [DEBUG] [org.gradle.cache.internal.DefaultFileLockManager] Waiting to acquire shared lock on daemon addresses registry.
2025-04-23T22:36:42.395+0200 [DEBUG] [org.gradle.cache.internal.DefaultFileLockManager] Lock acquired on daemon addresses registry.
2025-04-23T22:36:42.395+0200 [DEBUG] [org.gradle.cache.internal.DefaultFileLockManager] Releasing lock on daemon addresses registry.
2025-04-23T22:36:51.936+0200 [DEBUG] [org.gradle.internal.remote.internal.inet.TcpIncomingConnector] Accepted connection from /127.0.0.1:54472 to /127.0.0.1:54272.
2025-04-23T22:36:51.942+0200 [DEBUG] [org.gradle.launcher.daemon.server.SynchronizedDispatchConnection] thread 254: received class org.gradle.launcher.daemon.protocol.StopWhenIdle
2025-04-23T22:36:51.942+0200 [DEBUG] [org.gradle.launcher.daemon.server.DefaultDaemonConnection] thread 254: Received non-IO message from client: StopWhenIdle[id=1c481853-7429-4716-9d60-96f738d7d510]
2025-04-23T22:36:51.943+0200 [INFO] [org.gradle.launcher.daemon.server.DefaultIncomingConnectionHandler] Received command: StopWhenIdle[id=1c481853-7429-4716-9d60-96f738d7d510].
2025-04-23T22:36:51.943+0200 [DEBUG] [org.gradle.launcher.daemon.server.DefaultIncomingConnectionHandler] Starting executing command: StopWhenIdle[id=1c481853-7429-4716-9d60-96f738d7d510] with connection: socket connection from /127.0.0.1:54272 to /127.0.0.1:54472.
2025-04-23T22:36:51.943+0200 [DEBUG] [org.gradle.launcher.daemon.server.DaemonRegistryUpdater] Storing daemon stop event: stop command received
2025-04-23T22:36:51.944+0200 [DEBUG] [org.gradle.launcher.daemon.registry.PersistentDaemonRegistry] Storing daemon stop event with timestamp 1745440611943
2025-04-23T22:36:51.945+0200 [DEBUG] [org.gradle.cache.internal.DefaultFileLockManager] Waiting to acquire exclusive lock on daemon addresses registry.
2025-04-23T22:36:51.946+0200 [DEBUG] [org.gradle.cache.internal.DefaultFileLockManager] Lock acquired on daemon addresses registry.
2025-04-23T22:36:51.947+0200 [DEBUG] [org.gradle.cache.internal.DefaultFileLockManager] Releasing lock on daemon addresses registry.
2025-04-23T22:36:51.947+0200 [LIFECYCLE] [org.gradle.launcher.daemon.server.DaemonStateCoordinator] Daemon will be stopped at the end of the build stop command received
2025-04-23T22:36:51.947+0200 [DEBUG] [org.gradle.launcher.daemon.server.DaemonStateCoordinator] Marking daemon stopped due to stop command received. The daemon is not running a build
2025-04-23T22:36:51.947+0200 [DEBUG] [org.gradle.launcher.daemon.server.DaemonStateCoordinator] daemon has stopped.
2025-04-23T22:36:51.947+0200 [DEBUG] [org.gradle.launcher.daemon.server.SynchronizedDispatchConnection] thread 253: dispatching Success[value=null]
2025-04-23T22:36:51.948+0200 [DEBUG] [org.gradle.launcher.daemon.server.DefaultIncomingConnectionHandler] Finishing executing command: StopWhenIdle[id=1c481853-7429-4716-9d60-96f738d7d510]
2025-04-23T22:36:51.948+0200 [DEBUG] [org.gradle.launcher.daemon.server.SynchronizedDispatchConnection] thread 254: received class org.gradle.launcher.daemon.protocol.Finished
2025-04-23T22:36:51.948+0200 [DEBUG] [org.gradle.launcher.daemon.server.DefaultDaemonConnection] thread 254: Received non-IO message from client: org.gradle.launcher.daemon.protocol.Finished@48400d83
2025-04-23T22:36:51.948+0200 [DEBUG] [org.gradle.launcher.daemon.server.Daemon] stop() called on daemon
2025-04-23T22:36:51.948+0200 [DEBUG] [org.gradle.launcher.daemon.server.DefaultIncomingConnectionHandler] Received finished message: org.gradle.launcher.daemon.protocol.Finished@48400d83
2025-04-23T22:36:51.948+0200 [DEBUG] [org.gradle.internal.remote.internal.inet.SocketConnection] Discarding EOFException: java.io.EOFException
2025-04-23T22:36:51.948+0200 [DEBUG] [org.gradle.launcher.daemon.server.SynchronizedDispatchConnection] thread 253: stopping connection
2025-04-23T22:36:51.948+0200 [INFO] [org.gradle.launcher.daemon.server.Daemon] Stop requested. Daemon is removing its presence from the registry...
2025-04-23T22:36:51.948+0200 [DEBUG] [org.gradle.launcher.daemon.server.SynchronizedDispatchConnection] thread 254: received null
2025-04-23T22:36:51.948+0200 [DEBUG] [org.gradle.launcher.daemon.server.DefaultDaemonConnection] thread 254: Received end-of-input from client.
2025-04-23T22:36:51.948+0200 [DEBUG] [org.gradle.launcher.daemon.server.DaemonRegistryUpdater] Removing our presence to clients, eg. removing this address from the registry: [2351e3c4-ef60-46b6-8d3e-27a5cf3a3c73 port:54272, addresses:[localhost/127.0.0.1]]
2025-04-23T22:36:51.949+0200 [DEBUG] [org.gradle.launcher.daemon.server.SynchronizedDispatchConnection] thread 253: stopping connection
2025-04-23T22:36:51.949+0200 [DEBUG] [org.gradle.launcher.daemon.registry.PersistentDaemonRegistry] Removing daemon address: [2351e3c4-ef60-46b6-8d3e-27a5cf3a3c73 port:54272, addresses:[localhost/127.0.0.1]]
2025-04-23T22:36:51.950+0200 [DEBUG] [org.gradle.cache.internal.DefaultFileLockManager] Waiting to acquire exclusive lock on daemon addresses registry.
2025-04-23T22:36:51.950+0200 [DEBUG] [org.gradle.cache.internal.DefaultFileLockManager] Lock acquired on daemon addresses registry.
2025-04-23T22:36:51.951+0200 [DEBUG] [org.gradle.cache.internal.DefaultFileLockManager] Releasing lock on daemon addresses registry.
2025-04-23T22:36:51.952+0200 [DEBUG] [org.gradle.launcher.daemon.server.DaemonRegistryUpdater] Address removed from registry.
2025-04-23T22:36:51.967+0200 [DEBUG] [org.gradle.cache.internal.DefaultCacheCleanupExecutor] jars (C:\Github\platform-based-development\pbd2025-lab-5\caches\jars-9) has last been fully cleaned up 24 hours ago
2025-04-23T22:36:51.968+0200 [DEBUG] [org.gradle.internal.operations.DefaultBuildOperationRunner] Build operation 'Clean up jars (C:\Github\platform-based-development\pbd2025-lab-5\caches\jars-9)' started
2025-04-23T22:36:51.969+0200 [INFO] [org.gradle.cache.internal.AbstractCacheCleanup] jars (C:\Github\platform-based-development\pbd2025-lab-5\caches\jars-9) cleanup deleted 0 files/directories.
2025-04-23T22:36:51.970+0200 [INFO] [org.gradle.cache.internal.LeastRecentlyUsedCacheCleanup] jars (C:\Github\platform-based-development\pbd2025-lab-5\caches\jars-9) removing files not accessed on or after Wed Apr 16 22:36:51 CEST 2025.
2025-04-23T22:36:51.994+0200 [INFO] [org.gradle.cache.internal.AbstractCacheCleanup] jars (C:\Github\platform-based-development\pbd2025-lab-5\caches\jars-9) cleanup deleted 2 files/directories.
2025-04-23T22:36:51.995+0200 [DEBUG] [org.gradle.internal.operations.DefaultBuildOperationRunner] Completing Build operation 'Clean up jars (C:\Github\platform-based-development\pbd2025-lab-5\caches\jars-9)'
2025-04-23T22:36:51.995+0200 [DEBUG] [org.gradle.internal.operations.DefaultBuildOperationRunner] Build operation 'Clean up jars (C:\Github\platform-based-development\pbd2025-lab-5\caches\jars-9)' completed
2025-04-23T22:36:51.995+0200 [INFO] [org.gradle.cache.internal.DefaultCacheCleanupExecutor] jars (C:\Github\platform-based-development\pbd2025-lab-5\caches\jars-9) cleaned up in 0.027 secs.
2025-04-23T22:36:51.995+0200 [DEBUG] [org.gradle.cache.internal.DefaultCacheCoordinator] Cache jars (C:\Github\platform-based-development\pbd2025-lab-5\caches\jars-9) was closed 0 times.
2025-04-23T22:36:51.995+0200 [DEBUG] [org.gradle.cache.internal.LockOnDemandCrossProcessCacheAccess] Releasing file lock for file content cache (C:\Github\platform-based-development\pbd2025-lab-5\caches\8.11.1\fileContent)
2025-04-23T22:36:51.995+0200 [DEBUG] [org.gradle.cache.internal.DefaultFileLockManager] Releasing lock on file content cache (C:\Github\platform-based-development\pbd2025-lab-5\caches\8.11.1\fileContent).
2025-04-23T22:36:51.996+0200 [DEBUG] [org.gradle.internal.watch.vfs.impl.WatchingVirtualFileSystem] Closing VFS, dropping state
2025-04-23T22:36:51.997+0200 [DEBUG] [org.gradle.cache.internal.LockOnDemandCrossProcessCacheAccess] Releasing file lock for Generated Gradle JARs cache (C:\Github\platform-based-development\pbd2025-lab-5\caches\8.11.1\generated-gradle-jars)
2025-04-23T22:36:51.997+0200 [DEBUG] [org.gradle.internal.watch.registry.impl.DefaultFileWatcherRegistry] Finished listening to file system change events
2025-04-23T22:36:51.997+0200 [DEBUG] [org.gradle.cache.internal.DefaultFileLockManager] Releasing lock on Generated Gradle JARs cache (C:\Github\platform-based-development\pbd2025-lab-5\caches\8.11.1\generated-gradle-jars).
2025-04-23T22:36:51.997+0200 [DEBUG] [org.gradle.cache.internal.LockOnDemandCrossProcessCacheAccess] Releasing file lock for artifact cache (C:\Github\platform-based-development\pbd2025-lab-5\caches\modules-2)
2025-04-23T22:36:51.997+0200 [DEBUG] [org.gradle.cache.internal.btree.BTreePersistentIndexedCache] Closing cache module-artifact.bin (C:\Github\platform-based-development\pbd2025-lab-5\caches\modules-2\metadata-2.107\module-artifact.bin)
2025-04-23T22:36:51.997+0200 [DEBUG] [org.gradle.cache.internal.btree.BTreePersistentIndexedCache] Closing cache module-metadata.bin (C:\Github\platform-based-development\pbd2025-lab-5\caches\modules-2\metadata-2.107\module-metadata.bin)
2025-04-23T22:36:51.997+0200 [DEBUG] [org.gradle.cache.internal.DefaultFileLockManager] Releasing lock on artifact cache (C:\Github\platform-based-development\pbd2025-lab-5\caches\modules-2).
2025-04-23T22:36:51.998+0200 [DEBUG] [org.gradle.cache.internal.DefaultCacheCleanupExecutor] artifact cache (C:\Github\platform-based-development\pbd2025-lab-5\caches\modules-2) has last been fully cleaned up 24 hours ago
2025-04-23T22:36:51.998+0200 [DEBUG] [org.gradle.internal.operations.DefaultBuildOperationRunner] Build operation 'Clean up artifact cache (C:\Github\platform-based-development\pbd2025-lab-5\caches\modules-2)' started
2025-04-23T22:36:51.999+0200 [INFO] [org.gradle.cache.internal.AbstractCacheCleanup] artifact cache (C:\Github\platform-based-development\pbd2025-lab-5\caches\modules-2) cleanup deleted 0 files/directories.
2025-04-23T22:36:52.000+0200 [INFO] [org.gradle.cache.internal.AbstractCacheCleanup] artifact cache (C:\Github\platform-based-development\pbd2025-lab-5\caches\modules-2) [subdir: C:\Github\platform-based-development\pbd2025-lab-5\caches\modules-2\resources-2.1] cleanup deleted 0 files/directories.
2025-04-23T22:36:52.000+0200 [INFO] [org.gradle.cache.internal.LeastRecentlyUsedCacheCleanup] artifact cache (C:\Github\platform-based-development\pbd2025-lab-5\caches\modules-2) [subdir: C:\Github\platform-based-development\pbd2025-lab-5\caches\modules-2\resources-2.1] removing files not accessed on or after Mon Mar 24 21:36:52 CET 2025.
2025-04-23T22:36:52.000+0200 [INFO] [org.gradle.cache.internal.AbstractCacheCleanup] artifact cache (C:\Github\platform-based-development\pbd2025-lab-5\caches\modules-2) [subdir: C:\Github\platform-based-development\pbd2025-lab-5\caches\modules-2\resources-2.1] cleanup deleted 0 files/directories.
2025-04-23T22:36:52.001+0200 [INFO] [org.gradle.cache.internal.AbstractCacheCleanup] artifact cache (C:\Github\platform-based-development\pbd2025-lab-5\caches\modules-2) [subdir: C:\Github\platform-based-development\pbd2025-lab-5\caches\modules-2\files-2.1] cleanup deleted 0 files/directories.
2025-04-23T22:36:52.001+0200 [INFO] [org.gradle.cache.internal.LeastRecentlyUsedCacheCleanup] artifact cache (C:\Github\platform-based-development\pbd2025-lab-5\caches\modules-2) [subdir: C:\Github\platform-based-development\pbd2025-lab-5\caches\modules-2\files-2.1] removing files not accessed on or after Mon Mar 24 21:36:52 CET 2025.
2025-04-23T22:36:52.168+0200 [INFO] [org.gradle.cache.internal.AbstractCacheCleanup] artifact cache (C:\Github\platform-based-development\pbd2025-lab-5\caches\modules-2) [subdir: C:\Github\platform-based-development\pbd2025-lab-5\caches\modules-2\files-2.1] cleanup deleted 0 files/directories.
2025-04-23T22:36:52.169+0200 [INFO] [org.gradle.cache.internal.AbstractCacheCleanup] artifact cache (C:\Github\platform-based-development\pbd2025-lab-5\caches\modules-2) [subdir: C:\Github\platform-based-development\pbd2025-lab-5\caches\modules-2\metadata-2.107] cleanup deleted 0 files/directories.
2025-04-23T22:36:52.170+0200 [INFO] [org.gradle.cache.internal.AbstractCacheCleanup] artifact cache (C:\Github\platform-based-development\pbd2025-lab-5\caches\modules-2) cleanup deleted 0 files/directories.
2025-04-23T22:36:52.170+0200 [DEBUG] [org.gradle.internal.operations.DefaultBuildOperationRunner] Completing Build operation 'Clean up artifact cache (C:\Github\platform-based-development\pbd2025-lab-5\caches\modules-2)'
2025-04-23T22:36:52.170+0200 [DEBUG] [org.gradle.internal.operations.DefaultBuildOperationRunner] Build operation 'Clean up artifact cache (C:\Github\platform-based-development\pbd2025-lab-5\caches\modules-2)' completed
2025-04-23T22:36:52.171+0200 [INFO] [org.gradle.cache.internal.DefaultCacheCleanupExecutor] artifact cache (C:\Github\platform-based-development\pbd2025-lab-5\caches\modules-2) cleaned up in 0.172 secs.
2025-04-23T22:36:52.171+0200 [DEBUG] [org.gradle.cache.internal.DefaultCacheCleanupExecutor] groovy-dsl (C:\Github\platform-based-development\pbd2025-lab-5\caches\8.11.1\groovy-dsl) has last been fully cleaned up 24 hours ago
2025-04-23T22:36:52.171+0200 [DEBUG] [org.gradle.internal.operations.DefaultBuildOperationRunner] Build operation 'Clean up groovy-dsl (C:\Github\platform-based-development\pbd2025-lab-5\caches\8.11.1\groovy-dsl)' started
2025-04-23T22:36:52.171+0200 [INFO] [org.gradle.cache.internal.LeastRecentlyUsedCacheCleanup] groovy-dsl (C:\Github\platform-based-development\pbd2025-lab-5\caches\8.11.1\groovy-dsl) removing files not accessed on or after Wed Apr 16 22:36:52 CEST 2025.
2025-04-23T22:36:52.189+0200 [INFO] [org.gradle.cache.internal.AbstractCacheCleanup] groovy-dsl (C:\Github\platform-based-development\pbd2025-lab-5\caches\8.11.1\groovy-dsl) cleanup deleted 2 files/directories.
2025-04-23T22:36:52.189+0200 [DEBUG] [org.gradle.internal.operations.DefaultBuildOperationRunner] Completing Build operation 'Clean up groovy-dsl (C:\Github\platform-based-development\pbd2025-lab-5\caches\8.11.1\groovy-dsl)'
2025-04-23T22:36:52.189+0200 [DEBUG] [org.gradle.internal.operations.DefaultBuildOperationRunner] Build operation 'Clean up groovy-dsl (C:\Github\platform-based-development\pbd2025-lab-5\caches\8.11.1\groovy-dsl)' completed
2025-04-23T22:36:52.189+0200 [INFO] [org.gradle.cache.internal.DefaultCacheCleanupExecutor] groovy-dsl (C:\Github\platform-based-development\pbd2025-lab-5\caches\8.11.1\groovy-dsl) cleaned up in 0.018 secs.
2025-04-23T22:36:52.189+0200 [DEBUG] [org.gradle.cache.internal.DefaultCacheCoordinator] Cache groovy-dsl (C:\Github\platform-based-development\pbd2025-lab-5\caches\8.11.1\groovy-dsl) was closed 0 times.
2025-04-23T22:36:52.190+0200 [DEBUG] [org.gradle.cache.internal.DefaultCacheCleanupExecutor] Artifact transforms cache (C:\Github\platform-based-development\pbd2025-lab-5\caches\8.11.1\transforms) has last been fully cleaned up 24 hours ago
2025-04-23T22:36:52.190+0200 [DEBUG] [org.gradle.internal.operations.DefaultBuildOperationRunner] Build operation 'Clean up Artifact transforms cache (C:\Github\platform-based-development\pbd2025-lab-5\caches\8.11.1\transforms)' started
2025-04-23T22:36:52.190+0200 [INFO] [org.gradle.cache.internal.LeastRecentlyUsedCacheCleanup] Artifact transforms cache (C:\Github\platform-based-development\pbd2025-lab-5\caches\8.11.1\transforms) removing files not accessed on or after Wed Apr 16 22:36:52 CEST 2025.
2025-04-23T22:36:52.629+0200 [INFO] [org.gradle.cache.internal.AbstractCacheCleanup] Artifact transforms cache (C:\Github\platform-based-development\pbd2025-lab-5\caches\8.11.1\transforms) cleanup deleted 90 files/directories.
2025-04-23T22:36:52.630+0200 [DEBUG] [org.gradle.internal.operations.DefaultBuildOperationRunner] Completing Build operation 'Clean up Artifact transforms cache (C:\Github\platform-based-development\pbd2025-lab-5\caches\8.11.1\transforms)'
2025-04-23T22:36:52.630+0200 [DEBUG] [org.gradle.internal.operations.DefaultBuildOperationRunner] Build operation 'Clean up Artifact transforms cache (C:\Github\platform-based-development\pbd2025-lab-5\caches\8.11.1\transforms)' completed
2025-04-23T22:36:52.630+0200 [INFO] [org.gradle.cache.internal.DefaultCacheCleanupExecutor] Artifact transforms cache (C:\Github\platform-based-development\pbd2025-lab-5\caches\8.11.1\transforms) cleaned up in 0.44 secs.
2025-04-23T22:36:52.630+0200 [DEBUG] [org.gradle.cache.internal.DefaultCacheCoordinator] Cache Artifact transforms cache (C:\Github\platform-based-development\pbd2025-lab-5\caches\8.11.1\transforms) was closed 0 times.
2025-04-23T22:36:52.631+0200 [DEBUG] [org.gradle.cache.internal.DefaultCacheCleanupExecutor] kotlin-dsl (C:\Github\platform-based-development\pbd2025-lab-5\caches\8.11.1\kotlin-dsl) has last been fully cleaned up 24 hours ago
2025-04-23T22:36:52.631+0200 [DEBUG] [org.gradle.internal.operations.DefaultBuildOperationRunner] Build operation 'Clean up kotlin-dsl (C:\Github\platform-based-development\pbd2025-lab-5\caches\8.11.1\kotlin-dsl)' started
2025-04-23T22:36:52.631+0200 [INFO] [org.gradle.cache.internal.LeastRecentlyUsedCacheCleanup] kotlin-dsl (C:\Github\platform-based-development\pbd2025-lab-5\caches\8.11.1\kotlin-dsl) removing files not accessed on or after Wed Apr 16 22:36:52 CEST 2025.
2025-04-23T22:36:52.658+0200 [INFO] [org.gradle.cache.internal.AbstractCacheCleanup] kotlin-dsl (C:\Github\platform-based-development\pbd2025-lab-5\caches\8.11.1\kotlin-dsl) cleanup deleted 2 files/directories.
2025-04-23T22:36:52.658+0200 [DEBUG] [org.gradle.internal.operations.DefaultBuildOperationRunner] Completing Build operation 'Clean up kotlin-dsl (C:\Github\platform-based-development\pbd2025-lab-5\caches\8.11.1\kotlin-dsl)'
2025-04-23T22:36:52.658+0200 [DEBUG] [org.gradle.internal.operations.DefaultBuildOperationRunner] Build operation 'Clean up kotlin-dsl (C:\Github\platform-based-development\pbd2025-lab-5\caches\8.11.1\kotlin-dsl)' completed
2025-04-23T22:36:52.658+0200 [INFO] [org.gradle.cache.internal.DefaultCacheCleanupExecutor] kotlin-dsl (C:\Github\platform-based-development\pbd2025-lab-5\caches\8.11.1\kotlin-dsl) cleaned up in 0.027 secs.
2025-04-23T22:36:52.658+0200 [DEBUG] [org.gradle.cache.internal.DefaultCacheCoordinator] Cache kotlin-dsl (C:\Github\platform-based-development\pbd2025-lab-5\caches\8.11.1\kotlin-dsl) was closed 0 times.
2025-04-23T22:36:52.659+0200 [DEBUG] [org.gradle.cache.internal.LockOnDemandCrossProcessCacheAccess] Releasing file lock for journal cache (C:\Github\platform-based-development\pbd2025-lab-5\caches\journal-1)
2025-04-23T22:36:52.659+0200 [DEBUG] [org.gradle.cache.internal.btree.BTreePersistentIndexedCache] Closing cache file-access.bin (C:\Github\platform-based-development\pbd2025-lab-5\caches\journal-1\file-access.bin)
2025-04-23T22:36:52.659+0200 [DEBUG] [org.gradle.cache.internal.DefaultFileLockManager] Releasing lock on journal cache (C:\Github\platform-based-development\pbd2025-lab-5\caches\journal-1).
2025-04-23T22:36:52.660+0200 [DEBUG] [org.gradle.cache.internal.LockOnDemandCrossProcessCacheAccess] Releasing file lock for file hash cache (C:\Github\platform-based-development\pbd2025-lab-5\caches\8.11.1\fileHashes)
2025-04-23T22:36:52.660+0200 [DEBUG] [org.gradle.cache.internal.btree.BTreePersistentIndexedCache] Closing cache fileHashes.bin (C:\Github\platform-based-development\pbd2025-lab-5\caches\8.11.1\fileHashes\fileHashes.bin)
2025-04-23T22:36:52.660+0200 [DEBUG] [org.gradle.cache.internal.btree.BTreePersistentIndexedCache] Closing cache resourceHashesCache.bin (C:\Github\platform-based-development\pbd2025-lab-5\caches\8.11.1\fileHashes\resourceHashesCache.bin)
2025-04-23T22:36:52.661+0200 [DEBUG] [org.gradle.cache.internal.DefaultFileLockManager] Releasing lock on file hash cache (C:\Github\platform-based-development\pbd2025-lab-5\caches\8.11.1\fileHashes).
2025-04-23T22:36:52.661+0200 [DEBUG] [org.gradle.cache.internal.LockOnDemandCrossProcessCacheAccess] Releasing file lock for Java compile cache (C:\Github\platform-based-development\pbd2025-lab-5\caches\8.11.1\javaCompile)
2025-04-23T22:36:52.661+0200 [DEBUG] [org.gradle.cache.internal.btree.BTreePersistentIndexedCache] Closing cache jarAnalysis.bin (C:\Github\platform-based-development\pbd2025-lab-5\caches\8.11.1\javaCompile\jarAnalysis.bin)
2025-04-23T22:36:52.661+0200 [DEBUG] [org.gradle.cache.internal.btree.BTreePersistentIndexedCache] Closing cache classAnalysis.bin (C:\Github\platform-based-development\pbd2025-lab-5\caches\8.11.1\javaCompile\classAnalysis.bin)
2025-04-23T22:36:52.661+0200 [DEBUG] [org.gradle.cache.internal.DefaultFileLockManager] Releasing lock on Java compile cache (C:\Github\platform-based-development\pbd2025-lab-5\caches\8.11.1\javaCompile).
2025-04-23T22:36:52.663+0200 [DEBUG] [org.gradle.internal.operations.DefaultBuildOperationRunner] Build operation 'Deleting unused version-specific caches in C:\Github\platform-based-development\pbd2025-lab-5\caches' started
2025-04-23T22:36:52.664+0200 [DEBUG] [org.gradle.cache.internal.VersionSpecificCacheCleanupAction] Processed version-specific caches at C:\Github\platform-based-development\pbd2025-lab-5\caches for cleanup in 0.001 secs
2025-04-23T22:36:52.665+0200 [DEBUG] [org.gradle.internal.operations.DefaultBuildOperationRunner] Completing Build operation 'Deleting unused version-specific caches in C:\Github\platform-based-development\pbd2025-lab-5\caches'
2025-04-23T22:36:52.665+0200 [DEBUG] [org.gradle.internal.operations.DefaultBuildOperationRunner] Build operation 'Deleting unused version-specific caches in C:\Github\platform-based-development\pbd2025-lab-5\caches' completed
2025-04-23T22:36:52.666+0200 [DEBUG] [org.gradle.internal.operations.DefaultBuildOperationRunner] Build operation 'Deleting unused Gradle distributions in C:\Github\platform-based-development\pbd2025-lab-5\wrapper\dists' started
2025-04-23T22:36:52.669+0200 [DEBUG] [org.gradle.internal.operations.DefaultBuildOperationRunner] Completing Build operation 'Deleting unused Gradle distributions in C:\Github\platform-based-development\pbd2025-lab-5\wrapper\dists'
2025-04-23T22:36:52.669+0200 [DEBUG] [org.gradle.internal.operations.DefaultBuildOperationRunner] Build operation 'Deleting unused Gradle distributions in C:\Github\platform-based-development\pbd2025-lab-5\wrapper\dists' completed
2025-04-23T22:36:52.669+0200 [DEBUG] [org.gradle.launcher.daemon.server.Daemon] stop() called on daemon
2025-04-23T22:36:52.669+0200 [INFO] [org.gradle.launcher.daemon.server.Daemon] Stop requested. Daemon is removing its presence from the registry...
2025-04-23T22:36:52.669+0200 [DEBUG] [org.gradle.launcher.daemon.server.DaemonRegistryUpdater] Removing our presence to clients, eg. removing this address from the registry: [2351e3c4-ef60-46b6-8d3e-27a5cf3a3c73 port:54272, addresses:[localhost/127.0.0.1]]
2025-04-23T22:36:52.669+0200 [DEBUG] [org.gradle.launcher.daemon.registry.PersistentDaemonRegistry] Removing daemon address: [2351e3c4-ef60-46b6-8d3e-27a5cf3a3c73 port:54272, addresses:[localhost/127.0.0.1]]
2025-04-23T22:36:52.670+0200 [DEBUG] [org.gradle.cache.internal.DefaultFileLockManager] Waiting to acquire exclusive lock on daemon addresses registry.
2025-04-23T22:36:52.670+0200 [DEBUG] [org.gradle.cache.internal.DefaultFileLockManager] Lock acquired on daemon addresses registry.
2025-04-23T22:36:52.671+0200 [DEBUG] [org.gradle.cache.internal.DefaultFileLockManager] Releasing lock on daemon addresses registry.
2025-04-23T22:36:52.671+0200 [DEBUG] [org.gradle.launcher.daemon.server.DaemonRegistryUpdater] Address removed from registry.
2025-04-23T22:36:52.672+0200 [DEBUG] [org.gradle.cache.internal.locklistener.DefaultFileLockContentionHandler] File lock listener thread completed.
2025-04-23T22:36:52.673+0200 [DEBUG] [java.lang.Runtime] Runtime.exit() called with status: 0
java.lang.Throwable: Runtime.exit(0)
	at java.base/java.lang.Shutdown.logRuntimeExit(Unknown Source)
	at java.base/java.lang.Shutdown.exit(Unknown Source)
	at java.base/java.lang.Runtime.exit(Unknown Source)
	at java.base/java.lang.System.exit(Unknown Source)
	at org.gradle.launcher.bootstrap.ProcessCompleter.complete(ProcessCompleter.java:21)
	at org.gradle.launcher.bootstrap.EntryPoint.run(EntryPoint.java:61)
	at java.base/jdk.internal.reflect.DirectMethodHandleAccessor.invoke(Unknown Source)
	at java.base/java.lang.reflect.Method.invoke(Unknown Source)
	at org.gradle.launcher.bootstrap.ProcessBootstrap.runNoExit(ProcessBootstrap.java:72)
	at org.gradle.launcher.bootstrap.ProcessBootstrap.run(ProcessBootstrap.java:39)
	at org.gradle.launcher.daemon.bootstrap.GradleDaemon.main(GradleDaemon.java:22)
2025-04-23T22:36:52.673+0200 [DEBUG] [org.gradle.launcher.daemon.registry.PersistentDaemonRegistry] Removing daemon address: [2351e3c4-ef60-46b6-8d3e-27a5cf3a3c73 port:54272, addresses:[localhost/127.0.0.1]]
Daemon vm is shutting down... The daemon has exited normally or was terminated in response to a user interrupt.
2025-04-23T22:36:52.674+0200 [DEBUG] [org.gradle.launcher.daemon.server.Daemon] VM shutdown hook was unable to remove the daemon address from the registry. It will be cleaned up later.
java.lang.IllegalStateException: Cannot start managing file contention because this handler has been closed.
	at org.gradle.cache.internal.locklistener.DefaultFileLockContentionHandler.assertNotStopped(DefaultFileLockContentionHandler.java:217)
	at org.gradle.cache.internal.locklistener.DefaultFileLockContentionHandler.getCommunicator(DefaultFileLockContentionHandler.java:260)
	at org.gradle.cache.internal.locklistener.DefaultFileLockContentionHandler.reservePort(DefaultFileLockContentionHandler.java:254)
	at org.gradle.cache.internal.DefaultFileLockManager.lock(DefaultFileLockManager.java:124)
	at org.gradle.cache.internal.DefaultFileLockManager.lock(DefaultFileLockManager.java:106)
	at org.gradle.cache.internal.DefaultFileLockManager.lock(DefaultFileLockManager.java:101)
	at org.gradle.cache.internal.OnDemandFileAccess.updateFile(OnDemandFileAccess.java:51)
	at org.gradle.cache.internal.FileBackedObjectHolder.update(FileBackedObjectHolder.java:77)
	at org.gradle.cache.internal.FileIntegrityViolationSuppressingObjectHolderDecorator.lambda$update$0(FileIntegrityViolationSuppressingObjectHolderDecorator.java:48)
	at org.gradle.cache.internal.FileIntegrityViolationSuppressingObjectHolderDecorator.doUpdate(FileIntegrityViolationSuppressingObjectHolderDecorator.java:58)
	at org.gradle.cache.internal.FileIntegrityViolationSuppressingObjectHolderDecorator.update(FileIntegrityViolationSuppressingObjectHolderDecorator.java:48)
	at org.gradle.launcher.daemon.registry.PersistentDaemonRegistry.remove(PersistentDaemonRegistry.java:133)
	at org.gradle.launcher.daemon.server.Daemon$1.run(Daemon.java:133)
	at java.base/java.lang.Thread.run(Unknown Source)
